Unity Editor version:    2020.3.25f1 (9b9180224418)
Branch:                  2020.3/staging
Build type:              Release
Batch mode:              YES
macOS version:           Version 12.1 (Build 21C52)
Darwin version:          21.2.0
Architecture:            x86_64
Running under Rosetta:   NO
Available memory:        16384 MB
Using pre-set license
Pro License: NO

COMMAND LINE ARGUMENTS:
/Applications/Unity/Hub/Editor/2020.3.25f1/Unity.app/Contents/MacOS/Unity
-adb2
-batchMode
-noUpm
-name
AssetImportWorker0
-projectPath
/Users/flavia/GitProjects/Unity Projects/Chuegelibahn/Chuegelibahn
-logFile
Logs/AssetImportWorker0.log
-srvPort
49491
Successfully changed project path to: /Users/flavia/GitProjects/Unity Projects/Chuegelibahn/Chuegelibahn
/Users/flavia/GitProjects/Unity Projects/Chuegelibahn/Chuegelibahn
Using Asset Import Pipeline V2.
Refreshing native plugins compatible for Editor in 55.12 ms, found 2 plugins.
Preloading 0 native plugins for Editor in 0.00 ms.
Initialize engine version: 2020.3.25f1 (9b9180224418)
[Subsystems] Discovering subsystems at path /Applications/Unity/Hub/Editor/2020.3.25f1/Unity.app/Contents/Resources/UnitySubsystems
[Subsystems] Discovering subsystems at path /Users/flavia/GitProjects/Unity Projects/Chuegelibahn/Chuegelibahn/Assets
GfxDevice: creating device client; threaded=0
2021-12-21 13:04:56.406 Unity[3814:89965] Color LCD preferred device: AMD Radeon Pro 5500M (high power)
2021-12-21 13:04:56.406 Unity[3814:89965] Metal devices available: 2
2021-12-21 13:04:56.406 Unity[3814:89965] 0: AMD Radeon Pro 5500M (high power)
2021-12-21 13:04:56.406 Unity[3814:89965] 1: Intel(R) UHD Graphics 630 (low power)
2021-12-21 13:04:56.406 Unity[3814:89965] Using device AMD Radeon Pro 5500M (high power)
Initializing Metal device caps: AMD Radeon Pro 5500M
Initialize mono
Mono path[0] = '/Applications/Unity/Hub/Editor/2020.3.25f1/Unity.app/Contents/Managed'
Mono path[1] = '/Applications/Unity/Hub/Editor/2020.3.25f1/Unity.app/Contents/MonoBleedingEdge/lib/mono/unityjit'
Mono config path = '/Applications/Unity/Hub/Editor/2020.3.25f1/Unity.app/Contents/MonoBleedingEdge/etc'
Using monoOptions --debugger-agent=transport=dt_socket,embedding=1,server=y,suspend=n,address=127.0.0.1:56814
Begin MonoManager ReloadAssembly
Registering precompiled unity dll's ...
Register platform support module: /Applications/Unity/Hub/Editor/2020.3.25f1/Unity.app/Contents/PlaybackEngines/MacStandaloneSupport/UnityEditor.OSXStandalone.Extensions.dll
Register platform support module: /Applications/Unity/Hub/Editor/2020.3.25f1/PlaybackEngines/WindowsStandaloneSupport/UnityEditor.WindowsStandalone.Extensions.dll
Registered in 0.005253 seconds.
Native extension for WindowsStandalone target not found
Native extension for OSXStandalone target not found
Refreshing native plugins compatible for Editor in 33.63 ms, found 2 plugins.
Preloading 0 native plugins for Editor in 0.00 ms.
Mono: successfully reloaded assembly
- Completed reload, in  0.602 seconds
Domain Reload Profiling:
	ReloadAssembly (603ms)
		BeginReloadAssembly (46ms)
			ExecutionOrderSort (0ms)
			DisableScriptedObjects (0ms)
			BackupInstance (0ms)
			ReleaseScriptingObjects (0ms)
			CreateAndSetChildDomain (1ms)
		EndReloadAssembly (483ms)
			LoadAssemblies (47ms)
			RebuildTransferFunctionScriptingTraits (0ms)
			SetupTypeCache (182ms)
			ReleaseScriptCaches (0ms)
			RebuildScriptCaches (35ms)
			SetupLoadedEditorAssemblies (182ms)
				LogAssemblyErrors (0ms)
				InitializePlatformSupportModulesInManaged (5ms)
				SetLoadedEditorAssemblies (0ms)
				RefreshPlugins (34ms)
				BeforeProcessingInitializeOnLoad (10ms)
				ProcessInitializeOnLoadAttributes (103ms)
				ProcessInitializeOnLoadMethodAttributes (31ms)
				AfterProcessingInitializeOnLoad (0ms)
				EditorAssembliesLoaded (0ms)
			ExecutionOrderSort2 (0ms)
			AwakeInstancesAfterBackupRestoration (0ms)
Platform modules already initialized, skipping
Registering precompiled user dll's ...
Registered in 0.008808 seconds.
Begin MonoManager ReloadAssembly
Native extension for WindowsStandalone target not found
Native extension for OSXStandalone target not found
Refreshing native plugins compatible for Editor in 0.46 ms, found 2 plugins.
Preloading 0 native plugins for Editor in 0.00 ms.
Mono: successfully reloaded assembly
- Completed reload, in  1.142 seconds
Domain Reload Profiling:
	ReloadAssembly (1143ms)
		BeginReloadAssembly (142ms)
			ExecutionOrderSort (0ms)
			DisableScriptedObjects (5ms)
			BackupInstance (0ms)
			ReleaseScriptingObjects (0ms)
			CreateAndSetChildDomain (21ms)
		EndReloadAssembly (934ms)
			LoadAssemblies (101ms)
			RebuildTransferFunctionScriptingTraits (0ms)
			SetupTypeCache (336ms)
			ReleaseScriptCaches (0ms)
			RebuildScriptCaches (55ms)
			SetupLoadedEditorAssemblies (327ms)
				LogAssemblyErrors (0ms)
				InitializePlatformSupportModulesInManaged (5ms)
				SetLoadedEditorAssemblies (1ms)
				RefreshPlugins (0ms)
				BeforeProcessingInitializeOnLoad (71ms)
				ProcessInitializeOnLoadAttributes (237ms)
				ProcessInitializeOnLoadMethodAttributes (11ms)
				AfterProcessingInitializeOnLoad (1ms)
				EditorAssembliesLoaded (0ms)
			ExecutionOrderSort2 (0ms)
			AwakeInstancesAfterBackupRestoration (7ms)
Platform modules already initialized, skipping
Validating Project structure ... 0.007363 seconds.
Shader import version has changed; will reimport all shaders...
Upgrading shader files ...0.014858 seconds.
Application.AssetDatabase Initial Script Refresh Start
RefreshInfo: InitialScriptRefreshV2(NoUpdateAssetOptions) scanfilter:  ... 1 filters
RefreshProfiler: Total: 0.000ms
Application.AssetDatabase Initial Script Refresh End
Application.AssetDatabase.Refresh Start
Application.AssetDatabase.Refresh End
RefreshInfo: StopAssetImportingV2(ForceSynchronousImport) scanfilter: 
RefreshProfiler: Total: 0.000ms
Launching external process: /Applications/Unity/Hub/Editor/2020.3.25f1/Unity.app/Contents/Tools/UnityShaderCompiler
Launched and connected shader compiler UnityShaderCompiler after 0.01 seconds
Initializing Unity extensions:
2021-12-21 13:05:00.212 Unity[3814:89965] NSEventModifierFlagFunction specified to -setKeyEquivalentModifierMask: for item <NSMenuItem: 0x600003cb1ea0 Font Asset, ke='Command-F12'>, but is only supported for system-provided menu items; will not be used
2021-12-21 13:05:00.216 Unity[3814:89965] NSEventModifierFlagFunction specified to -setKeyEquivalentModifierMask: for item <NSMenuItem: 0x600003ca73a0 Font Asset, ke='Command-F12'>, but is only supported for system-provided menu items; will not be used
========================================================================
Worker process is ready to serve import requests
Refreshing native plugins compatible for Editor in 0.47 ms, found 2 plugins.
Preloading 0 native plugins for Editor in 0.00 ms.
Unloading 1817 Unused Serialized files (Serialized files now loaded: 0)
System memory in use before: 176.4 MB.
System memory in use after: 175.5 MB.

Unloading 221 unused Assets to reduce memory usage. Loaded Objects now: 2284.
Total: 3.561597 ms (FindLiveObjects: 0.157616 ms CreateObjectMapping: 0.074662 ms MarkObjects: 2.759625 ms  DeleteObjects: 0.568891 ms)

AssetImportParameters requested are different than current active one (requested -> active):
  custom:video-decoder-ogg-theora: a1e56fd34408186e4bbccfd4996cb3dc -> 
  custom:container-muxer-webm: aa71ff27fc2769a1b78a27578f13a17b -> 
  custom:container-demuxer-webm: 4f35f7cbe854078d1ac9338744f61a02 -> 
  custom:container-demuxer-ogg: 62fdf1f143b41e24485cea50d1cbac27 -> 
  custom:video-encoder-webm-vp8: eb34c28f22e8b96e1ab97ce403110664 -> 
  custom:framework-osx-AVFoundation: e770b220cccbd017edd2c1fefb359320 -> 
  custom:video-decoder-webm-vp8: 9c59270c3fd7afecdb556c50c9e8de78 -> 
  custom:audio-decoder-ogg-vorbis: bf7c407c2cedff20999df2af8eb42d56 -> 
  custom:audio-encoder-webm-vorbis: bf7c407c2cedff20999df2af8eb42d56 -> 
========================================================================
Received Import Request.
  path: Assets/SteamVR/Extras/SteamVR_TestTrackedCamera.mat
  artifactKey: Guid(99ee8d48ccf36264e9d9a72baa681249) Importer(815301076,1909f56bfc062723c751e8b465ee728b)
Start importing Assets/SteamVR/Extras/SteamVR_TestTrackedCamera.mat using Guid(99ee8d48ccf36264e9d9a72baa681249) Importer(815301076,1909f56bfc062723c751e8b465ee728b)  -> (artifact id: 'fd054ef0701eb558deae8b11a5ccac00') in 0.298910 seconds 
  Import took 0.303261 seconds .

========================================================================
Received Import Request.
  Time since last request: 0.000257 seconds.
  path: Assets/SteamVR/Resources/SteamVR_ExternalCamera.prefab
  artifactKey: Guid(6b259143c09ffc447ad059e5b8d8cf89) Importer(815301076,1909f56bfc062723c751e8b465ee728b)
Start importing Assets/SteamVR/Resources/SteamVR_ExternalCamera.prefab using Guid(6b259143c09ffc447ad059e5b8d8cf89) Importer(815301076,1909f56bfc062723c751e8b465ee728b)  -> (artifact id: '75408baa67ed79deb73655044d3740e8') in 0.091970 seconds 
  Import took 0.096564 seconds .

========================================================================
Received Import Request.
  Time since last request: 0.000277 seconds.
  path: Assets/SteamVR/Prefabs/[CameraRig].prefab
  artifactKey: Guid(4d293c8e162f3874b982baadd71153d2) Importer(815301076,1909f56bfc062723c751e8b465ee728b)
Start importing Assets/SteamVR/Prefabs/[CameraRig].prefab using Guid(4d293c8e162f3874b982baadd71153d2) Importer(815301076,1909f56bfc062723c751e8b465ee728b)  -> (artifact id: 'c699d0b800d451c7dcf00a47df5708f2') in 0.026452 seconds 
  Import took 0.029023 seconds .

========================================================================
Received Prepare
Registering precompiled user dll's ...
Registered in 0.002231 seconds.
Begin MonoManager ReloadAssembly
Native extension for WindowsStandalone target not found
Native extension for OSXStandalone target not found
Refreshing native plugins compatible for Editor in 0.49 ms, found 2 plugins.
Preloading 0 native plugins for Editor in 0.00 ms.
2021-12-21 13:05:08.430 Unity[3814:89965] NSEventModifierFlagFunction specified to -setKeyEquivalentModifierMask: for item <NSMenuItem: 0x600003cff9c0 Font Asset, ke='Command-F12'>, but is only supported for system-provided menu items; will not be used
Mono: successfully reloaded assembly
Exception thrown while invoking [DidReloadScripts] method 'Valve.VR.SteamVR_CopyExampleInputFiles:OnReloadScripts ()' : ArgumentException: The specified path is not of a legal form (empty).
  at System.IO.Path.InsecureGetFullPath (System.String path) [0x00025] in <695d1cc93cca45069c528c15c9fdd749>:0 
  at System.IO.Path.GetFullPathInternal (System.String path) [0x00000] in <695d1cc93cca45069c528c15c9fdd749>:0 
  at System.IO.FileInfo.Init (System.String fileName, System.Boolean checkHost) [0x00007] in <695d1cc93cca45069c528c15c9fdd749>:0 
  at System.IO.FileInfo..ctor (System.String fileName) [0x00014] in <695d1cc93cca45069c528c15c9fdd749>:0 
  at (wrapper remoting-invoke-with-check) System.IO.FileInfo..ctor(string)
  at Valve.VR.SteamVR.GetSteamVRFolderParentPath (System.Boolean localToAssetsFolder) [0x0000f] in /Users/flavia/GitProjects/Unity Projects/Chuegelibahn/Chuegelibahn/Assets/SteamVR/Scripts/SteamVR.cs:399 
  at Valve.VR.SteamVR.GetSteamVRResourcesFolderPath (System.Boolean localToAssetsFolder) [0x00000] in /Users/flavia/GitProjects/Unity Projects/Chuegelibahn/Chuegelibahn/Assets/SteamVR/Scripts/SteamVR.cs:436 
  at Valve.VR.SteamVR_Settings.LoadInstance () [0x00033] in /Users/flavia/GitProjects/Unity Projects/Chuegelibahn/Chuegelibahn/Assets/SteamVR/Scripts/SteamVR_Settings.cs:110 
  at Valve.VR.SteamVR_Settings.get_instance () [0x00000] in /Users/flavia/GitProjects/Unity Projects/Chuegelibahn/Chuegelibahn/Assets/SteamVR/Scripts/SteamVR_Settings.cs:18 
  at Valve.VR.SteamVR_Input.CheckOldLocation () [0x00014] in /Users/flavia/GitProjects/Unity Projects/Chuegelibahn/Chuegelibahn/Assets/SteamVR/Input/SteamVR_Input.cs:1312 
  at Valve.VR.SteamVR_CopyExampleInputFiles.OnReloadScripts () [0x00000] in /Users/flavia/GitProjects/Unity Projects/Chuegelibahn/Chuegelibahn/Assets/SteamVR/Input/Editor/SteamVR_CopyExampleInputFiles.cs:20 

(Filename: Assets/SteamVR/Scripts/SteamVR.cs Line: 399)

- Completed reload, in  1.258 seconds
Domain Reload Profiling:
	ReloadAssembly (1258ms)
		BeginReloadAssembly (109ms)
			ExecutionOrderSort (0ms)
			DisableScriptedObjects (4ms)
			BackupInstance (0ms)
			ReleaseScriptingObjects (0ms)
			CreateAndSetChildDomain (44ms)
		EndReloadAssembly (1086ms)
			LoadAssemblies (80ms)
			RebuildTransferFunctionScriptingTraits (0ms)
			SetupTypeCache (436ms)
			ReleaseScriptCaches (1ms)
			RebuildScriptCaches (46ms)
			SetupLoadedEditorAssemblies (384ms)
				LogAssemblyErrors (0ms)
				InitializePlatformSupportModulesInManaged (7ms)
				SetLoadedEditorAssemblies (1ms)
				RefreshPlugins (1ms)
				BeforeProcessingInitializeOnLoad (122ms)
				ProcessInitializeOnLoadAttributes (242ms)
				ProcessInitializeOnLoadMethodAttributes (10ms)
				AfterProcessingInitializeOnLoad (2ms)
				EditorAssembliesLoaded (0ms)
			ExecutionOrderSort2 (0ms)
			AwakeInstancesAfterBackupRestoration (7ms)
Platform modules already initialized, skipping
Refreshing native plugins compatible for Editor in 0.49 ms, found 2 plugins.
Preloading 0 native plugins for Editor in 0.00 ms.
Unloading 1795 Unused Serialized files (Serialized files now loaded: 0)
System memory in use before: 182.6 MB.
System memory in use after: 182.6 MB.

Unloading 23 unused Assets to reduce memory usage. Loaded Objects now: 2330.
Total: 3.639146 ms (FindLiveObjects: 0.187400 ms CreateObjectMapping: 0.084471 ms MarkObjects: 3.292397 ms  DeleteObjects: 0.073878 ms)

AssetImportParameters requested are different than current active one (requested -> active):
  custom:video-decoder-ogg-theora: a1e56fd34408186e4bbccfd4996cb3dc -> 
  custom:container-muxer-webm: aa71ff27fc2769a1b78a27578f13a17b -> 
  custom:container-demuxer-webm: 4f35f7cbe854078d1ac9338744f61a02 -> 
  custom:container-demuxer-ogg: 62fdf1f143b41e24485cea50d1cbac27 -> 
  custom:video-encoder-webm-vp8: eb34c28f22e8b96e1ab97ce403110664 -> 
  custom:framework-osx-AVFoundation: e770b220cccbd017edd2c1fefb359320 -> 
  custom:video-decoder-webm-vp8: 9c59270c3fd7afecdb556c50c9e8de78 -> 
  custom:audio-decoder-ogg-vorbis: bf7c407c2cedff20999df2af8eb42d56 -> 
  custom:audio-encoder-webm-vorbis: bf7c407c2cedff20999df2af8eb42d56 -> 
AssetImportWorkerClient::OnTransportError - code=2 error=End of file
